<?xml version="1.0" encoding="utf-8"?><TestRun id="f27ce3fa-1726-4502-b063-0f31fab396c2" name="madi@NB-ESPMU-MADI 2019-01-09 10:20:35" runUser="NB-ESPMU-MADI\madi" xmlns="http://microsoft.com/schemas/VisualStudio/TeamTest/2010"><Times creation="2019-01-09T10:20:35.4270001+01:00" queuing="2019-01-09T10:20:35.4270001+01:00" start="2019-01-09T10:20:20.0830615+01:00" finish="2019-01-09T10:22:13.1646724+01:00" /><TestSettings name="default" id="5cc0f11b-9600-42ed-8bc2-bc73f291b4d7"><Deployment runDeploymentRoot="madi_NB-ESPMU-MADI_2019-01-09_10_20_35" /></TestSettings><Results><UnitTestResult executionId="17ed2a57-282f-4545-a4fb-2567a41e6f7e" testId="ae2eb3b2-3437-9173-9d41-5ead5f775ecb" testName="Login_ValidEmail" computerName="NB-ESPMU-MADI" duration="00:00:13.3380930" startTime="2019-01-09T10:20:35.4214564+01:00" endTime="2019-01-09T10:20:48.7613807+01:00" testType="13cdc9d9-ddb5-4fa4-a97d-d965ccfc6d4b" outcome="Passed" testListId="8c84fa94-04c1-424b-9868-57a2d4851a1d" relativeResultsDirectory="17ed2a57-282f-4545-a4fb-2567a41e6f7e"><Output><StdOut>Given The user introduces a 'valid' email&#xD;
-&gt; done: LoginBaseSteps.TheUserIntroducesEmail("valid") (5,2s)&#xD;
When The user clicks continue button&#xD;
-&gt; done: LoginBaseSteps.TheUserClicksContinueButton() (0,1s)&#xD;
Then The password input appears&#xD;
-&gt; done: LoginBaseSteps.ThePasswordInputAppears() (0,1s)</StdOut></Output></UnitTestResult><UnitTestResult executionId="dd358ea1-464b-4f0a-a224-0a60b4b79e00" testId="7e5a502e-251f-dcd6-716c-4b51260b5ed2" testName="Login_ValidPassword" computerName="NB-ESPMU-MADI" duration="00:00:21.1826032" startTime="2019-01-09T10:21:51.7940365+01:00" endTime="2019-01-09T10:22:12.9784235+01:00" testType="13cdc9d9-ddb5-4fa4-a97d-d965ccfc6d4b" outcome="Failed" testListId="8c84fa94-04c1-424b-9868-57a2d4851a1d" relativeResultsDirectory="dd358ea1-464b-4f0a-a224-0a60b4b79e00"><Output><StdOut>Given The user introduces a 'valid' email&#xD;
-&gt; done: LoginBaseSteps.TheUserIntroducesEmail("valid") (5,2s)&#xD;
When The user clicks continue button&#xD;
-&gt; done: LoginBaseSteps.TheUserClicksContinueButton() (0,1s)&#xD;
And The user introduces a 'valid' password&#xD;
-&gt; done: LoginBaseSteps.TheUserIntroducesPasswrod("valid") (0,1s)&#xD;
And The user clicks continue button&#xD;
-&gt; done: LoginBaseSteps.TheUserClicksContinueButton() (0,4s)&#xD;
And The user confirms the login&#xD;
-&gt; done: LoginBaseSteps.TheUserClicksContinueButton() (0,7s)&#xD;
Then The user is at Contactos tab&#xD;
-&gt; error:   _btnNewContact text is not 'Crear Contacto'&#xD;
  String lengths are both 14. Strings differ at index 6.&#xD;
  Expected: "Crear Contacto"&#xD;
  But was:  "Crear contacto"&#xD;
  -----------------^</StdOut><ErrorInfo><Message>Test method US.AcceptanceTests.Features._00_Login.LoginFeature.Login_ValidPassword threw exception: &#xD;
NUnit.Framework.MultipleAssertException:   _btnNewContact text is not 'Crear Contacto'&#xD;
  String lengths are both 14. Strings differ at index 6.&#xD;
  Expected: "Crear Contacto"&#xD;
  But was:  "Crear contacto"&#xD;
  -----------------^&#xD;
</Message><StackTrace>    at NUnit.Framework.Assert.Multiple(TestDelegate testDelegate) in C:\src\nunit\nunit\src\NUnitFramework\framework\Assert.cs:line 343&#xD;
   at AC.SeleniumDriver.Pages.ContactosPage.IsAtContactos() in C:\GIT\Renta\TestAutomation\AC.SeleniumDriver\Pages\ContactosPage.cs:line 54&#xD;
   at US.AcceptanceTests.Steps.ContactosStep.TheUserIsAtContactosTab() in C:\GIT\Renta\TestAutomation\US.AcceptanceTests\Steps\ContactosStep.cs:line 41&#xD;
   at lambda_method(Closure , IContextManager )&#xD;
   at TechTalk.SpecFlow.Bindings.BindingInvoker.InvokeBinding(IBinding binding, IContextManager contextManager, Object[] arguments, ITestTracer testTracer, TimeSpan&amp; duration)&#xD;
   at TechTalk.SpecFlow.Infrastructure.TestExecutionEngine.ExecuteStepMatch(BindingMatch match, Object[] arguments)&#xD;
   at TechTalk.SpecFlow.Infrastructure.TestExecutionEngine.ExecuteStep(IContextManager contextManager, StepInstance stepInstance)&#xD;
   at TechTalk.SpecFlow.Infrastructure.TestExecutionEngine.OnAfterLastStep()&#xD;
   at TechTalk.SpecFlow.TestRunner.CollectScenarioErrors()&#xD;
   at US.AcceptanceTests.Features._00_Login.LoginFeature.ScenarioCleanup()&#xD;
   at US.AcceptanceTests.Features._00_Login.LoginFeature.Login_ValidPassword() in C:\GIT\Renta\TestAutomation\US.AcceptanceTests\Features\00. Login\Login.feature:line 40&#xD;
</StackTrace></ErrorInfo></Output></UnitTestResult><UnitTestResult executionId="0235f066-d2ab-46d5-b4ec-5dd7d628f715" testId="66458d8e-b114-44de-7fc0-a7c29567fe6c" testName="Login_InvalidPassword" computerName="NB-ESPMU-MADI" duration="00:00:16.8117651" startTime="2019-01-09T10:21:34.9810780+01:00" endTime="2019-01-09T10:21:51.7940365+01:00" testType="13cdc9d9-ddb5-4fa4-a97d-d965ccfc6d4b" outcome="Passed" testListId="8c84fa94-04c1-424b-9868-57a2d4851a1d" relativeResultsDirectory="0235f066-d2ab-46d5-b4ec-5dd7d628f715"><Output><StdOut>Given The user introduces a 'valid' email&#xD;
-&gt; done: LoginBaseSteps.TheUserIntroducesEmail("valid") (5,4s)&#xD;
When The user clicks continue button&#xD;
-&gt; done: LoginBaseSteps.TheUserClicksContinueButton() (0,1s)&#xD;
And The user introduces a 'invalid' password&#xD;
-&gt; done: LoginBaseSteps.TheUserIntroducesPasswrod("invalid") (0,1s)&#xD;
And The user clicks continue button&#xD;
-&gt; done: LoginBaseSteps.TheUserClicksContinueButton() (0,7s)&#xD;
Then The invalid password message appears&#xD;
-&gt; done: LoginBaseSteps.InvalidPasswordlMessaAppears() (0,1s)</StdOut></Output></UnitTestResult><UnitTestResult executionId="938222f9-9d7a-473b-85e0-956624768246" testId="1f096b71-293e-b64e-74e2-257c40431e4a" testName="Login_EmptyEmail" computerName="NB-ESPMU-MADI" duration="00:00:13.1749260" startTime="2019-01-09T10:20:48.7618816+01:00" endTime="2019-01-09T10:21:01.9392267+01:00" testType="13cdc9d9-ddb5-4fa4-a97d-d965ccfc6d4b" outcome="Passed" testListId="8c84fa94-04c1-424b-9868-57a2d4851a1d" relativeResultsDirectory="938222f9-9d7a-473b-85e0-956624768246"><Output><StdOut>Given The user introduces a 'empty' email&#xD;
-&gt; done: LoginBaseSteps.TheUserIntroducesEmail("empty") (5,1s)&#xD;
When The user clicks continue button&#xD;
-&gt; done: LoginBaseSteps.TheUserClicksContinueButton() (0,1s)&#xD;
Then The invalid user message appears&#xD;
-&gt; done: LoginBaseSteps.InvalidEmailMessaAppears() (0,1s)</StdOut></Output></UnitTestResult><UnitTestResult executionId="3773f828-61cf-49b0-a8c3-a22992a5a32b" testId="e33257b2-a1d6-f947-7c68-fd6edbf295fa" testName="Login_InvalidEmail" computerName="NB-ESPMU-MADI" duration="00:00:14.2348769" startTime="2019-01-09T10:20:20.7087201+01:00" endTime="2019-01-09T10:20:35.4129595+01:00" testType="13cdc9d9-ddb5-4fa4-a97d-d965ccfc6d4b" outcome="Passed" testListId="8c84fa94-04c1-424b-9868-57a2d4851a1d" relativeResultsDirectory="3773f828-61cf-49b0-a8c3-a22992a5a32b"><Output><StdOut>-&gt; Using app.config&#xD;
Given The user introduces a 'invalid' email&#xD;
-&gt; done: LoginBaseSteps.TheUserIntroducesEmail("invalid") (5,8s)&#xD;
When The user clicks continue button&#xD;
-&gt; done: LoginBaseSteps.TheUserClicksContinueButton() (0,1s)&#xD;
Then The invalid user message appears&#xD;
-&gt; done: LoginBaseSteps.InvalidEmailMessaAppears() (0,1s)</StdOut></Output><ResultFiles><ResultFile path="NB-ESPMU-MADI\09-20-27_Given.jpeg" /><ResultFile path="NB-ESPMU-MADI\09-20-28_When.jpeg" /><ResultFile path="NB-ESPMU-MADI\09-20-29_Then.jpeg" /></ResultFiles></UnitTestResult><UnitTestResult executionId="e62a7f33-23c1-402b-96c8-da3f20fc6856" testId="73272fa7-c7c1-5525-96c1-d2c4a2a65f5f" testName="Login_UnauthorizedEmail" computerName="NB-ESPMU-MADI" duration="00:00:33.0394326" startTime="2019-01-09T10:21:01.9392267+01:00" endTime="2019-01-09T10:21:34.9810780+01:00" testType="13cdc9d9-ddb5-4fa4-a97d-d965ccfc6d4b" outcome="Failed" testListId="8c84fa94-04c1-424b-9868-57a2d4851a1d" relativeResultsDirectory="e62a7f33-23c1-402b-96c8-da3f20fc6856"><Output><StdOut>Given The user introduces a 'unauthorized' email&#xD;
-&gt; done: LoginBaseSteps.TheUserIntroducesEmail("unauthorized") (5,2s)&#xD;
When The user clicks continue button&#xD;
-&gt; done: LoginBaseSteps.TheUserClicksContinueButton() (0,1s)&#xD;
And The user introduces a 'valid' password&#xD;
-&gt; done: LoginBaseSteps.TheUserIntroducesPasswrod("valid") (0,1s)&#xD;
And The user clicks continue button&#xD;
-&gt; done: LoginBaseSteps.TheUserClicksContinueButton() (0,4s)&#xD;
Then The unauthorized error message appears&#xD;
-&gt; error: Timed out after 15 seconds</StdOut><ErrorInfo><Message>Test method US.AcceptanceTests.Features._00_Login.LoginFeature.Login_UnauthorizedEmail threw exception: &#xD;
OpenQA.Selenium.WebDriverTimeoutException: Timed out after 15 seconds ---&gt; OpenQA.Selenium.NoSuchElementException: Could not find element by: By.Id: idTD_Error</Message><StackTrace>    at SeleniumExtras.PageObjects.DefaultElementLocator.LocateElement(IEnumerable`1 bys)&#xD;
   at SeleniumExtras.PageObjects.WebElementProxy.get_Element()&#xD;
   at SeleniumExtras.PageObjects.WebElementProxy.Invoke(IMessage msg)&#xD;
   at System.Runtime.Remoting.Proxies.RealProxy.PrivateInvoke(MessageData&amp; msgData, Int32 type)&#xD;
   at OpenQA.Selenium.IWebElement.get_Displayed()&#xD;
   at SeleniumExtras.WaitHelpers.ExpectedConditions.&lt;&gt;c__DisplayClass20_0.&lt;ElementToBeClickable&gt;b__0(IWebDriver driver)&#xD;
   at OpenQA.Selenium.Support.UI.DefaultWait`1.Until[TResult](Func`2 condition)&#xD;
--- End of inner exception stack trace ---&#xD;
    at OpenQA.Selenium.Support.UI.DefaultWait`1.ThrowTimeoutException(String exceptionMessage, Exception lastException)&#xD;
   at OpenQA.Selenium.Support.UI.DefaultWait`1.Until[TResult](Func`2 condition)&#xD;
   at AC.SeleniumDriver.PageBase.WaitUntilElementIsClickable(IWebElement element) in C:\GIT\Renta\TestAutomation\AC.SeleniumDriver\PageBase.cs:line 155&#xD;
   at AC.SeleniumDriver.PageBase.WaitUntilElementIsVisible(IWebElement element) in C:\GIT\Renta\TestAutomation\AC.SeleniumDriver\PageBase.cs:line 65&#xD;
   at AC.SeleniumDriver.Pages.LoginBasePage.IsAtUnauthorizedEmail() in C:\GIT\Renta\TestAutomation\AC.SeleniumDriver\Pages\LoginBasePage.cs:line 143&#xD;
   at US.AcceptanceTests.Steps.Login.LoginBaseSteps.UnauthorizedErrorMessageAppears() in C:\GIT\Renta\TestAutomation\US.AcceptanceTests\Steps\LoginBaseSteps.cs:line 126&#xD;
   at lambda_method(Closure , IContextManager )&#xD;
   at TechTalk.SpecFlow.Bindings.BindingInvoker.InvokeBinding(IBinding binding, IContextManager contextManager, Object[] arguments, ITestTracer testTracer, TimeSpan&amp; duration)&#xD;
   at TechTalk.SpecFlow.Infrastructure.TestExecutionEngine.ExecuteStepMatch(BindingMatch match, Object[] arguments)&#xD;
   at TechTalk.SpecFlow.Infrastructure.TestExecutionEngine.ExecuteStep(IContextManager contextManager, StepInstance stepInstance)&#xD;
   at TechTalk.SpecFlow.Infrastructure.TestExecutionEngine.OnAfterLastStep()&#xD;
   at TechTalk.SpecFlow.TestRunner.CollectScenarioErrors()&#xD;
   at US.AcceptanceTests.Features._00_Login.LoginFeature.ScenarioCleanup()&#xD;
   at US.AcceptanceTests.Features._00_Login.LoginFeature.Login_UnauthorizedEmail() in C:\GIT\Renta\TestAutomation\US.AcceptanceTests\Features\00. Login\Login.feature:line 25&#xD;
</StackTrace></ErrorInfo></Output></UnitTestResult></Results><TestDefinitions><UnitTest name="Login_UnauthorizedEmail" storage="c:\git\renta\testautomation\us.acceptancetests\bin\debug\us.acceptancetests.dll" id="73272fa7-c7c1-5525-96c1-d2c4a2a65f5f"><TestCategory><TestCategoryItem TestCategory="Story:Login" /></TestCategory><Execution id="e62a7f33-23c1-402b-96c8-da3f20fc6856" /><TestMethod codeBase="C:\GIT\Renta\TestAutomation\US.AcceptanceTests\bin\Debug\US.AcceptanceTests.dll" adapterTypeName="executor://mstestadapter/v2" className="US.AcceptanceTests.Features._00_Login.LoginFeature" name="Login_UnauthorizedEmail" /></UnitTest><UnitTest name="Login_EmptyEmail" storage="c:\git\renta\testautomation\us.acceptancetests\bin\debug\us.acceptancetests.dll" id="1f096b71-293e-b64e-74e2-257c40431e4a"><TestCategory><TestCategoryItem TestCategory="Story:Login" /></TestCategory><Execution id="938222f9-9d7a-473b-85e0-956624768246" /><TestMethod codeBase="C:\GIT\Renta\TestAutomation\US.AcceptanceTests\bin\Debug\US.AcceptanceTests.dll" adapterTypeName="executor://mstestadapter/v2" className="US.AcceptanceTests.Features._00_Login.LoginFeature" name="Login_EmptyEmail" /></UnitTest><UnitTest name="Login_ValidPassword" storage="c:\git\renta\testautomation\us.acceptancetests\bin\debug\us.acceptancetests.dll" id="7e5a502e-251f-dcd6-716c-4b51260b5ed2"><TestCategory><TestCategoryItem TestCategory="Story:Login" /></TestCategory><Execution id="dd358ea1-464b-4f0a-a224-0a60b4b79e00" /><TestMethod codeBase="C:\GIT\Renta\TestAutomation\US.AcceptanceTests\bin\Debug\US.AcceptanceTests.dll" adapterTypeName="executor://mstestadapter/v2" className="US.AcceptanceTests.Features._00_Login.LoginFeature" name="Login_ValidPassword" /></UnitTest><UnitTest name="Login_InvalidEmail" storage="c:\git\renta\testautomation\us.acceptancetests\bin\debug\us.acceptancetests.dll" id="e33257b2-a1d6-f947-7c68-fd6edbf295fa"><TestCategory><TestCategoryItem TestCategory="Story:Login" /></TestCategory><Execution id="3773f828-61cf-49b0-a8c3-a22992a5a32b" /><TestMethod codeBase="C:\GIT\Renta\TestAutomation\US.AcceptanceTests\bin\Debug\US.AcceptanceTests.dll" adapterTypeName="executor://mstestadapter/v2" className="US.AcceptanceTests.Features._00_Login.LoginFeature" name="Login_InvalidEmail" /></UnitTest><UnitTest name="Login_ValidEmail" storage="c:\git\renta\testautomation\us.acceptancetests\bin\debug\us.acceptancetests.dll" id="ae2eb3b2-3437-9173-9d41-5ead5f775ecb"><TestCategory><TestCategoryItem TestCategory="Story:Login" /></TestCategory><Execution id="17ed2a57-282f-4545-a4fb-2567a41e6f7e" /><TestMethod codeBase="C:\GIT\Renta\TestAutomation\US.AcceptanceTests\bin\Debug\US.AcceptanceTests.dll" adapterTypeName="executor://mstestadapter/v2" className="US.AcceptanceTests.Features._00_Login.LoginFeature" name="Login_ValidEmail" /></UnitTest><UnitTest name="Login_InvalidPassword" storage="c:\git\renta\testautomation\us.acceptancetests\bin\debug\us.acceptancetests.dll" id="66458d8e-b114-44de-7fc0-a7c29567fe6c"><TestCategory><TestCategoryItem TestCategory="Story:Login" /></TestCategory><Execution id="0235f066-d2ab-46d5-b4ec-5dd7d628f715" /><TestMethod codeBase="C:\GIT\Renta\TestAutomation\US.AcceptanceTests\bin\Debug\US.AcceptanceTests.dll" adapterTypeName="executor://mstestadapter/v2" className="US.AcceptanceTests.Features._00_Login.LoginFeature" name="Login_InvalidPassword" /></UnitTest></TestDefinitions><TestEntries><TestEntry testId="ae2eb3b2-3437-9173-9d41-5ead5f775ecb" executionId="17ed2a57-282f-4545-a4fb-2567a41e6f7e" testListId="8c84fa94-04c1-424b-9868-57a2d4851a1d" /><TestEntry testId="7e5a502e-251f-dcd6-716c-4b51260b5ed2" executionId="dd358ea1-464b-4f0a-a224-0a60b4b79e00" testListId="8c84fa94-04c1-424b-9868-57a2d4851a1d" /><TestEntry testId="66458d8e-b114-44de-7fc0-a7c29567fe6c" executionId="0235f066-d2ab-46d5-b4ec-5dd7d628f715" testListId="8c84fa94-04c1-424b-9868-57a2d4851a1d" /><TestEntry testId="1f096b71-293e-b64e-74e2-257c40431e4a" executionId="938222f9-9d7a-473b-85e0-956624768246" testListId="8c84fa94-04c1-424b-9868-57a2d4851a1d" /><TestEntry testId="e33257b2-a1d6-f947-7c68-fd6edbf295fa" executionId="3773f828-61cf-49b0-a8c3-a22992a5a32b" testListId="8c84fa94-04c1-424b-9868-57a2d4851a1d" /><TestEntry testId="73272fa7-c7c1-5525-96c1-d2c4a2a65f5f" executionId="e62a7f33-23c1-402b-96c8-da3f20fc6856" testListId="8c84fa94-04c1-424b-9868-57a2d4851a1d" /></TestEntries><TestLists><TestList name="Results Not in a List" id="8c84fa94-04c1-424b-9868-57a2d4851a1d" /><TestList name="All Loaded Results" id="19431567-8539-422a-85d7-44ee4e166bda" /></TestLists><ResultSummary outcome="Failed"><Counters total="6" executed="6" passed="4" failed="2" error="0" timeout="0" aborted="0" inconclusive="0" passedButRunAborted="0" notRunnable="0" notExecuted="0" disconnected="0" warning="0" completed="0" inProgress="0" pending="0" /><RunInfos><RunInfo computerName="NB-ESPMU-MADI" outcome="Warning" timestamp="2019-01-09T10:20:20.6365238+01:00"><Text>[MSTest][Discovery][C:\GIT\Renta\TestAutomation\US.AcceptanceTests\bin\Debug\US.AcceptanceTests.dll] UTA031: class US.AcceptanceTests.Steps.StepBase does not have valid TestContext property. TestContext must be of type TestContext, must be non-static, public and must not be read-only. For example: public TestContext TestContext.</Text></RunInfo></RunInfos></ResultSummary></TestRun>